> Task :compileJava UP-TO-DATE
> Task :processResources UP-TO-DATE
> Task :classes UP-TO-DATE
> Task :resolveMainClassName UP-TO-DATE

> Task :bootRun

  .   ____          _            __ _ _
 /\\ / ___'_ __ _ _(_)_ __  __ _ \ \ \ \
( ( )\___ | '_ | '_| | '_ \/ _` | \ \ \ \
 \\/  ___)| |_)| | | | | || (_| |  ) ) ) )
  '  |____| .__|_| |_|_| |_\__, | / / / /
 =========|_|==============|___/=/_/_/_/

 :: Spring Boot ::               (v3.5.13)

2026-04-02T17:09:56.824+09:00  INFO 24217 --- [           main] com.errorzero.conv.ConvApplication       : Starting ConvApplication using Java 17.0.18 with PID 24217 (/Users/limbohyun21/Documents/GitHub/capstone_conv/backend/conv/build/classes/java/main started by limbohyun21 in /Users/limbohyun21/Documents/GitHub/capstone_conv/backend/conv)
2026-04-02T17:09:56.825+09:00  INFO 24217 --- [           main] com.errorzero.conv.ConvApplication       : The following 1 profile is active: "local"
2026-04-02T17:09:57.115+09:00  INFO 24217 --- [           main] .s.d.r.c.RepositoryConfigurationDelegate : Bootstrapping Spring Data JPA repositories in DEFAULT mode.
2026-04-02T17:09:57.138+09:00  INFO 24217 --- [           main] .s.d.r.c.RepositoryConfigurationDelegate : Finished Spring Data repository scanning in 20 ms. Found 2 JPA repository interfaces.
2026-04-02T17:09:57.309+09:00  INFO 24217 --- [           main] o.s.b.w.embedded.tomcat.TomcatWebServer  : Tomcat initialized with port 8080 (http)
2026-04-02T17:09:57.315+09:00  INFO 24217 --- [           main] o.apache.catalina.core.StandardService   : Starting service [Tomcat]
2026-04-02T17:09:57.315+09:00  INFO 24217 --- [           main] o.apache.catalina.core.StandardEngine    : Starting Servlet engine: [Apache Tomcat/10.1.53]
2026-04-02T17:09:57.341+09:00  INFO 24217 --- [           main] o.a.c.c.C.[Tomcat].[localhost].[/]       : Initializing Spring embedded WebApplicationContext
2026-04-02T17:09:57.342+09:00  INFO 24217 --- [           main] w.s.c.ServletWebServerApplicationContext : Root WebApplicationContext: initialization completed in 500 ms
2026-04-02T17:09:57.428+09:00  INFO 24217 --- [           main] com.zaxxer.hikari.HikariDataSource       : HikariPool-1 - Starting...
2026-04-02T17:09:57.512+09:00  INFO 24217 --- [           main] com.zaxxer.hikari.pool.HikariPool        : HikariPool-1 - Added connection org.postgresql.jdbc.PgConnection@7e61e25c
2026-04-02T17:09:57.513+09:00  INFO 24217 --- [           main] com.zaxxer.hikari.HikariDataSource       : HikariPool-1 - Start completed.
2026-04-02T17:09:57.526+09:00  INFO 24217 --- [           main] org.flywaydb.core.FlywayExecutor         : Database: jdbc:postgresql://localhost:5432/campus_store (PostgreSQL 15.17)
2026-04-02T17:09:57.551+09:00  INFO 24217 --- [           main] o.f.core.internal.command.DbValidate     : Successfully validated 1 migration (execution time 00:00.011s)
2026-04-02T17:09:57.576+09:00  INFO 24217 --- [           main] o.f.core.internal.command.DbMigrate      : Current version of schema "public": 1
2026-04-02T17:09:57.577+09:00  INFO 24217 --- [           main] o.f.core.internal.command.DbMigrate      : Schema "public" is up to date. No migration necessary.
2026-04-02T17:09:57.613+09:00  INFO 24217 --- [           main] o.hibernate.jpa.internal.util.LogHelper  : HHH000204: Processing PersistenceUnitInfo [name: default]
2026-04-02T17:09:57.641+09:00  INFO 24217 --- [           main] org.hibernate.Version                    : HHH000412: Hibernate ORM core version 6.6.45.Final
2026-04-02T17:09:57.654+09:00  INFO 24217 --- [           main] o.h.c.internal.RegionFactoryInitiator    : HHH000026: Second-level cache disabled
2026-04-02T17:09:57.801+09:00  INFO 24217 --- [           main] o.s.o.j.p.SpringPersistenceUnitInfo      : No LoadTimeWeaver setup: ignoring JPA class transformer
2026-04-02T17:09:57.842+09:00  INFO 24217 --- [           main] org.hibernate.orm.connections.pooling    : HHH10001005: Database info:
	Database JDBC URL [Connecting through datasource 'HikariDataSource (HikariPool-1)']
	Database driver: undefined/unknown
	Database version: 15.17
	Autocommit mode: undefined/unknown
	Isolation level: undefined/unknown
	Minimum pool size: undefined/unknown
	Maximum pool size: undefined/unknown
2026-04-02T17:09:58.153+09:00  INFO 24217 --- [           main] o.h.e.t.j.p.i.JtaPlatformInitiator       : HHH000489: No JTA platform available (set 'hibernate.transaction.jta.platform' to enable JTA platform integration)
2026-04-02T17:09:58.175+09:00  INFO 24217 --- [           main] j.LocalContainerEntityManagerFactoryBean : Initialized JPA EntityManagerFactory for persistence unit 'default'
2026-04-02T17:09:58.354+09:00  WARN 24217 --- [           main] JpaBaseConfiguration$JpaWebConfiguration : spring.jpa.open-in-view is enabled by default. Therefore, database queries may be performed during view rendering. Explicitly configure spring.jpa.open-in-view to disable this warning
2026-04-02T17:09:58.372+09:00  INFO 24217 --- [           main] o.s.v.b.OptionalValidatorFactoryBean     : Failed to set up a Bean Validation provider: jakarta.validation.NoProviderFoundException: Unable to create a Configuration, because no Jakarta Bean Validation provider could be found. Add a provider like Hibernate Validator (RI) to your classpath.
2026-04-02T17:09:58.510+09:00  INFO 24217 --- [           main] o.s.b.w.embedded.tomcat.TomcatWebServer  : Tomcat started on port 8080 (http) with context path '/'
2026-04-02T17:09:58.516+09:00  INFO 24217 --- [           main] com.errorzero.conv.ConvApplication       : Started ConvApplication in 1.863 seconds (process running for 1.985)
2026-04-02T17:10:07.124+09:00  INFO 24217 --- [nio-8080-exec-1] o.a.c.c.C.[Tomcat].[localhost].[/]       : Initializing Spring DispatcherServlet 'dispatcherServlet'
2026-04-02T17:10:07.124+09:00  INFO 24217 --- [nio-8080-exec-1] o.s.web.servlet.DispatcherServlet        : Initializing Servlet 'dispatcherServlet'
2026-04-02T17:10:07.125+09:00  INFO 24217 --- [nio-8080-exec-1] o.s.web.servlet.DispatcherServlet        : Completed initialization in 1 ms
2026-04-02T17:10:07.399+09:00  INFO 24217 --- [nio-8080-exec-9] o.springdoc.api.AbstractOpenApiResource  : Init duration for springdoc-openapi is: 76 ms
Hibernate: 
    select
        p1_0.id,
        p1_0.category,
        p1_0.current_stock,
        p1_0.is_active,
        p1_0.name,
        p1_0.plu_code,
        p1_0.updated_at 
    from
        product p1_0 
    where
        p1_0.is_active
